
=== Fri Jul 22 23:17:07 2022

Packages were changed.
Update Mode: updateDependencies

The following packages were added:
  com.unity.ide.visualstudio@2.0.15
The following packages were updated:
  com.unity.addressables from version 1.16.10 to 1.18.19
  com.unity.ide.vscode from version 1.2.1 to 1.2.5
  com.unity.mathematics from version 1.1.0 to 1.2.6
  com.unity.textmeshpro from version 2.0.1 to 2.1.4
  com.unity.timeline from version 1.2.6 to 1.2.18

=== Fri Apr 26 21:48:51 2024

Packages were changed.
Update Mode: updateDependencies

The following packages were updated:
  com.unity.ide.rider from version 2.0.5 to 3.0.21
  com.unity.ide.visualstudio from version 2.0.15 to 2.0.18
  com.unity.render-pipelines.universal from version 7.4.1 to 10.10.1
  com.unity.textmeshpro from version 2.1.4 to 3.0.6
  com.unity.timeline from version 1.2.18 to 1.4.8
